<?xml version="1.0" encoding="UTF-8"?>
<!-- Generated by org.testng.reporters.JUnitReportReporter -->
<testsuite hostname="DESKTOP-7S1MOM9" failures="0" tests="1" name="orangehrm.testcases.AdminLoginTestwithInvalidData" time="0.992" errors="0" timestamp="2024-04-01T12:10:37 IST" skipped="0">
  <testcase classname="orangehrm.testcases.AdminLoginTestwithInvalidData" name="checkAdminLogin" time="0.992"/>
</testsuite> <!-- orangehrm.testcases.AdminLoginTestwithInvalidData -->
