<?xml version="1.0" encoding="UTF-8"?>
<!-- Generated by org.testng.reporters.JUnitReportReporter -->
<testsuite hostname="DESKTOP-7S1MOM9" failures="0" tests="1" name="orangehrm.testcases.EmployeeRegTest" time="4.017" errors="0" timestamp="2024-04-01T12:10:37 IST" skipped="0">
  <testcase classname="orangehrm.testcases.EmployeeRegTest" name="checkEmpReg" time="4.017"/>
</testsuite> <!-- orangehrm.testcases.EmployeeRegTest -->
